<?xml version="1.0" encoding="UTF-8"?>
<testng-results ignored="0" total="2" passed="2" failed="0" skipped="0">
  <reporter-output>
  </reporter-output>
  <suite started-at="2021-09-11T21:34:18 IST" name="eBanking" finished-at="2021-09-11T21:34:33 IST" duration-ms="15240">
    <groups>
    </groups>
    <test started-at="2021-09-11T21:34:18 IST" name="eBanking-chrome" finished-at="2021-09-11T21:34:24 IST" duration-ms="6088">
      <class name="org.eBanking.TestCase.TS_Login_Test">
        <test-method is-config="true" signature="setup(java.lang.String)[pri:0, instance:org.eBanking.TestCase.TS_Login_Test@25fb8912]" started-at="2021-09-11T21:34:18 IST" name="setup" finished-at="2021-09-11T21:34:23 IST" duration-ms="4446" status="PASS">
          <params>
            <param index="0">
              <value>
                <![CDATA[chrome]]>
              </value>
            </param>
          </params>
          <reporter-output>
          </reporter-output>
        </test-method> <!-- setup -->
        <test-method signature="loginTest()[pri:0, instance:org.eBanking.TestCase.TS_Login_Test@25fb8912]" started-at="2021-09-11T21:34:23 IST" name="loginTest" finished-at="2021-09-11T21:34:24 IST" duration-ms="1189" status="PASS">
          <reporter-output>
          </reporter-output>
        </test-method> <!-- loginTest -->
        <test-method is-config="true" signature="closedown()[pri:0, instance:org.eBanking.TestCase.TS_Login_Test@25fb8912]" started-at="2021-09-11T21:34:24 IST" name="closedown" finished-at="2021-09-11T21:34:24 IST" duration-ms="398" status="PASS">
          <reporter-output>
          </reporter-output>
        </test-method> <!-- closedown -->
      </class> <!-- org.eBanking.TestCase.TS_Login_Test -->
    </test> <!-- eBanking-chrome -->
    <test started-at="2021-09-11T21:34:24 IST" name="eBanking-firefox" finished-at="2021-09-11T21:34:33 IST" duration-ms="9015">
      <class name="org.eBanking.TestCase.TS_Login_Test">
        <test-method is-config="true" signature="setup(java.lang.String)[pri:0, instance:org.eBanking.TestCase.TS_Login_Test@49049a04]" started-at="2021-09-11T21:34:24 IST" name="setup" finished-at="2021-09-11T21:34:31 IST" duration-ms="6961" status="PASS">
          <params>
            <param index="0">
              <value>
                <![CDATA[firefox]]>
              </value>
            </param>
          </params>
          <reporter-output>
          </reporter-output>
        </test-method> <!-- setup -->
        <test-method signature="loginTest()[pri:0, instance:org.eBanking.TestCase.TS_Login_Test@49049a04]" started-at="2021-09-11T21:34:31 IST" name="loginTest" finished-at="2021-09-11T21:34:32 IST" duration-ms="891" status="PASS">
          <reporter-output>
          </reporter-output>
        </test-method> <!-- loginTest -->
        <test-method is-config="true" signature="closedown()[pri:0, instance:org.eBanking.TestCase.TS_Login_Test@49049a04]" started-at="2021-09-11T21:34:32 IST" name="closedown" finished-at="2021-09-11T21:34:33 IST" duration-ms="1161" status="PASS">
          <reporter-output>
          </reporter-output>
        </test-method> <!-- closedown -->
      </class> <!-- org.eBanking.TestCase.TS_Login_Test -->
    </test> <!-- eBanking-firefox -->
  </suite> <!-- eBanking -->
</testng-results>
